{"uuid":"386ab67f-21d1-445d-aed8-7e9368628d27","historyId":"3c7e134f62a68197e5148bec640d6d88","fullName":"src/test/resources/Eshop/AddProductsToCart.feature:11","labels":[{"name":"tag","value":"testcase1"},{"name":"host","value":"Aya"},{"name":"thread","value":"10312@Aya.main(1)"},{"name":"feature","value":"Login and Add Products to Cart"},{"name":"story","value":"Login to the Eshop system"},{"name":"suite","value":"Login and Add Products to Cart"},{"name":"testClass","value":"Login to the Eshop system"},{"name":"framework","value":"cucumber4jvm"},{"name":"language","value":"java"},{"name":"gherkin_uri","value":"file:///C:/Users/Computer%20City/Downloads/Eshop_AutomationTask/src/test/resources/Eshop/AddProductsToCart.feature"},{"name":"package","value":"src.test.resources.Eshop.AddProductsToCart_feature.Login and Add Products to Cart"}],"links":[],"name":"Login to the Eshop system","status":"broken","statusDetails":{"known":false,"muted":false,"flaky":false,"message":"element click intercepted: Element is not clickable at point (166, 665)\n  (Session info: chrome=136.0.7103.116)\nBuild info: version: '4.33.0', revision: '2c6aaad03a'\nSystem info: os.name: 'Windows 11', os.arch: 'amd64', os.version: '10.0', java.version: '17.0.12'\nDriver info: org.openqa.selenium.chrome.ChromeDriver\nCommand: [3795d8ca140ac4f6d13c27fcdc29c7b8, clickElement {id=f.4A0030E324DB85A97811CDB0A5C8199E.d.39B7A3E773AEBAF2F89D3A665DD9387C.e.65}]\nCapabilities {acceptInsecureCerts: false, browserName: chrome, browserVersion: 136.0.7103.116, chrome: {chromedriverVersion: 136.0.7103.113 (76fa3c17824..., userDataDir: C:\\Users\\COMPUT~1\\AppData\\L...}, fedcm:accounts: true, goog:chromeOptions: {debuggerAddress: localhost:49404}, networkConnectionEnabled: false, pageLoadStrategy: normal, platformName: windows, proxy: Proxy(), se:cdp: ws://localhost:49404/devtoo..., se:cdpVersion: 136.0.7103.116, setWindowRect: true, strictFileInteractability: false, timeouts: {implicit: 0, pageLoad: 300000, script: 30000}, unhandledPromptBehavior: dismiss and notify, webauthn:extension:credBlob: true, webauthn:extension:largeBlob: true, webauthn:extension:minPinLength: true, webauthn:extension:prf: true, webauthn:virtualAuthenticators: true}\nElement: [[ChromeDriver: chrome on windows (3795d8ca140ac4f6d13c27fcdc29c7b8)] -> id: onetrust-accept-btn-handler]\nSession ID: 3795d8ca140ac4f6d13c27fcdc29c7b8","trace":"org.openqa.selenium.ElementClickInterceptedException: element click intercepted: Element is not clickable at point (166, 665)\n  (Session info: chrome=136.0.7103.116)\nBuild info: version: '4.33.0', revision: '2c6aaad03a'\nSystem info: os.name: 'Windows 11', os.arch: 'amd64', os.version: '10.0', java.version: '17.0.12'\nDriver info: org.openqa.selenium.chrome.ChromeDriver\nCommand: [3795d8ca140ac4f6d13c27fcdc29c7b8, clickElement {id=f.4A0030E324DB85A97811CDB0A5C8199E.d.39B7A3E773AEBAF2F89D3A665DD9387C.e.65}]\nCapabilities {acceptInsecureCerts: false, browserName: chrome, browserVersion: 136.0.7103.116, chrome: {chromedriverVersion: 136.0.7103.113 (76fa3c17824..., userDataDir: C:\\Users\\COMPUT~1\\AppData\\L...}, fedcm:accounts: true, goog:chromeOptions: {debuggerAddress: localhost:49404}, networkConnectionEnabled: false, pageLoadStrategy: normal, platformName: windows, proxy: Proxy(), se:cdp: ws://localhost:49404/devtoo..., se:cdpVersion: 136.0.7103.116, setWindowRect: true, strictFileInteractability: false, timeouts: {implicit: 0, pageLoad: 300000, script: 30000}, unhandledPromptBehavior: dismiss and notify, webauthn:extension:credBlob: true, webauthn:extension:largeBlob: true, webauthn:extension:minPinLength: true, webauthn:extension:prf: true, webauthn:virtualAuthenticators: true}\nElement: [[ChromeDriver: chrome on windows (3795d8ca140ac4f6d13c27fcdc29c7b8)] -> id: onetrust-accept-btn-handler]\nSession ID: 3795d8ca140ac4f6d13c27fcdc29c7b8\r\n\tat java.base/jdk.internal.reflect.NativeConstructorAccessorImpl.newInstance0(Native Method)\r\n\tat java.base/jdk.internal.reflect.NativeConstructorAccessorImpl.newInstance(NativeConstructorAccessorImpl.java:77)\r\n\tat java.base/jdk.internal.reflect.DelegatingConstructorAccessorImpl.newInstance(DelegatingConstructorAccessorImpl.java:45)\r\n\tat java.base/java.lang.reflect.Constructor.newInstanceWithCaller(Constructor.java:499)\r\n\tat java.base/java.lang.reflect.Constructor.newInstance(Constructor.java:480)\r\n\tat org.openqa.selenium.remote.ErrorCodec.decode(ErrorCodec.java:167)\r\n\tat org.openqa.selenium.remote.codec.w3c.W3CHttpResponseCodec.decode(W3CHttpResponseCodec.java:138)\r\n\tat org.openqa.selenium.remote.codec.w3c.W3CHttpResponseCodec.decode(W3CHttpResponseCodec.java:50)\r\n\tat org.openqa.selenium.remote.HttpCommandExecutor.execute(HttpCommandExecutor.java:215)\r\n\tat org.openqa.selenium.remote.service.DriverCommandExecutor.invokeExecute(DriverCommandExecutor.java:216)\r\n\tat org.openqa.selenium.remote.service.DriverCommandExecutor.execute(DriverCommandExecutor.java:174)\r\n\tat org.openqa.selenium.remote.RemoteWebDriver.execute(RemoteWebDriver.java:544)\r\n\tat org.openqa.selenium.remote.RemoteWebElement.execute(RemoteWebElement.java:223)\r\n\tat org.openqa.selenium.remote.RemoteWebElement.click(RemoteWebElement.java:76)\r\n\tat java.base/java.util.Optional.ifPresent(Optional.java:178)\r\n\tat Eshop.com.pages.Eshop.MainPage_AddProducts.ClickOnUserProfileIcon(MainPage_AddProducts.java:43)\r\n\tat steps.Eshop.Login.userIsOnTheLoginPage(Login.java:17)\r\n\tat ✽.User is on the Login Page(file:///C:/Users/Computer%20City/Downloads/Eshop_AutomationTask/src/test/resources/Eshop/AddProductsToCart.feature:5)\r\n"},"stage":"finished","steps":[{"name":"Given  User is on the Login Page","status":"broken","statusDetails":{"known":false,"muted":false,"flaky":false,"message":"element click intercepted: Element is not clickable at point (166, 665)\n  (Session info: chrome=136.0.7103.116)\nBuild info: version: '4.33.0', revision: '2c6aaad03a'\nSystem info: os.name: 'Windows 11', os.arch: 'amd64', os.version: '10.0', java.version: '17.0.12'\nDriver info: org.openqa.selenium.chrome.ChromeDriver\nCommand: [3795d8ca140ac4f6d13c27fcdc29c7b8, clickElement {id=f.4A0030E324DB85A97811CDB0A5C8199E.d.39B7A3E773AEBAF2F89D3A665DD9387C.e.65}]\nCapabilities {acceptInsecureCerts: false, browserName: chrome, browserVersion: 136.0.7103.116, chrome: {chromedriverVersion: 136.0.7103.113 (76fa3c17824..., userDataDir: C:\\Users\\COMPUT~1\\AppData\\L...}, fedcm:accounts: true, goog:chromeOptions: {debuggerAddress: localhost:49404}, networkConnectionEnabled: false, pageLoadStrategy: normal, platformName: windows, proxy: Proxy(), se:cdp: ws://localhost:49404/devtoo..., se:cdpVersion: 136.0.7103.116, setWindowRect: true, strictFileInteractability: false, timeouts: {implicit: 0, pageLoad: 300000, script: 30000}, unhandledPromptBehavior: dismiss and notify, webauthn:extension:credBlob: true, webauthn:extension:largeBlob: true, webauthn:extension:minPinLength: true, webauthn:extension:prf: true, webauthn:virtualAuthenticators: true}\nElement: [[ChromeDriver: chrome on windows (3795d8ca140ac4f6d13c27fcdc29c7b8)] -> id: onetrust-accept-btn-handler]\nSession ID: 3795d8ca140ac4f6d13c27fcdc29c7b8","trace":"org.openqa.selenium.ElementClickInterceptedException: element click intercepted: Element is not clickable at point (166, 665)\n  (Session info: chrome=136.0.7103.116)\nBuild info: version: '4.33.0', revision: '2c6aaad03a'\nSystem info: os.name: 'Windows 11', os.arch: 'amd64', os.version: '10.0', java.version: '17.0.12'\nDriver info: org.openqa.selenium.chrome.ChromeDriver\nCommand: [3795d8ca140ac4f6d13c27fcdc29c7b8, clickElement {id=f.4A0030E324DB85A97811CDB0A5C8199E.d.39B7A3E773AEBAF2F89D3A665DD9387C.e.65}]\nCapabilities {acceptInsecureCerts: false, browserName: chrome, browserVersion: 136.0.7103.116, chrome: {chromedriverVersion: 136.0.7103.113 (76fa3c17824..., userDataDir: C:\\Users\\COMPUT~1\\AppData\\L...}, fedcm:accounts: true, goog:chromeOptions: {debuggerAddress: localhost:49404}, networkConnectionEnabled: false, pageLoadStrategy: normal, platformName: windows, proxy: Proxy(), se:cdp: ws://localhost:49404/devtoo..., se:cdpVersion: 136.0.7103.116, setWindowRect: true, strictFileInteractability: false, timeouts: {implicit: 0, pageLoad: 300000, script: 30000}, unhandledPromptBehavior: dismiss and notify, webauthn:extension:credBlob: true, webauthn:extension:largeBlob: true, webauthn:extension:minPinLength: true, webauthn:extension:prf: true, webauthn:virtualAuthenticators: true}\nElement: [[ChromeDriver: chrome on windows (3795d8ca140ac4f6d13c27fcdc29c7b8)] -> id: onetrust-accept-btn-handler]\nSession ID: 3795d8ca140ac4f6d13c27fcdc29c7b8\r\n\tat java.base/jdk.internal.reflect.NativeConstructorAccessorImpl.newInstance0(Native Method)\r\n\tat java.base/jdk.internal.reflect.NativeConstructorAccessorImpl.newInstance(NativeConstructorAccessorImpl.java:77)\r\n\tat java.base/jdk.internal.reflect.DelegatingConstructorAccessorImpl.newInstance(DelegatingConstructorAccessorImpl.java:45)\r\n\tat java.base/java.lang.reflect.Constructor.newInstanceWithCaller(Constructor.java:499)\r\n\tat java.base/java.lang.reflect.Constructor.newInstance(Constructor.java:480)\r\n\tat org.openqa.selenium.remote.ErrorCodec.decode(ErrorCodec.java:167)\r\n\tat org.openqa.selenium.remote.codec.w3c.W3CHttpResponseCodec.decode(W3CHttpResponseCodec.java:138)\r\n\tat org.openqa.selenium.remote.codec.w3c.W3CHttpResponseCodec.decode(W3CHttpResponseCodec.java:50)\r\n\tat org.openqa.selenium.remote.HttpCommandExecutor.execute(HttpCommandExecutor.java:215)\r\n\tat org.openqa.selenium.remote.service.DriverCommandExecutor.invokeExecute(DriverCommandExecutor.java:216)\r\n\tat org.openqa.selenium.remote.service.DriverCommandExecutor.execute(DriverCommandExecutor.java:174)\r\n\tat org.openqa.selenium.remote.RemoteWebDriver.execute(RemoteWebDriver.java:544)\r\n\tat org.openqa.selenium.remote.RemoteWebElement.execute(RemoteWebElement.java:223)\r\n\tat org.openqa.selenium.remote.RemoteWebElement.click(RemoteWebElement.java:76)\r\n\tat java.base/java.util.Optional.ifPresent(Optional.java:178)\r\n\tat Eshop.com.pages.Eshop.MainPage_AddProducts.ClickOnUserProfileIcon(MainPage_AddProducts.java:43)\r\n\tat steps.Eshop.Login.userIsOnTheLoginPage(Login.java:17)\r\n\tat ✽.User is on the Login Page(file:///C:/Users/Computer%20City/Downloads/Eshop_AutomationTask/src/test/resources/Eshop/AddProductsToCart.feature:5)\r\n"},"stage":"finished","steps":[],"attachments":[],"parameters":[],"start":1748901583031,"stop":1748901588080},{"name":"When  User Fill \"01016062970\" And \"Aya@1212\"","status":"skipped","statusDetails":{"known":false,"muted":false,"flaky":false},"stage":"finished","steps":[],"attachments":[],"parameters":[],"start":1748901588084,"stop":1748901588087},{"name":"Then  User logs in successfully","status":"skipped","statusDetails":{"known":false,"muted":false,"flaky":false},"stage":"finished","steps":[],"attachments":[],"parameters":[],"start":1748901588087,"stop":1748901588087}],"attachments":[],"parameters":[{"name":"Email","value":"01016062970"},{"name":"Password","value":"Aya@1212"}],"start":1748901582996,"stop":1748901588120}