{"uuid":"dff13c44-bc26-4f68-9e32-9131924cffb8","historyId":"3c7e134f62a68197e5148bec640d6d88","fullName":"src/test/resources/Eshop/AddProductsToCart.feature:11","labels":[{"name":"tag","value":"testcase1"},{"name":"host","value":"Aya"},{"name":"thread","value":"11816@Aya.main(1)"},{"name":"feature","value":"Login and Add Products to Cart"},{"name":"story","value":"Login to the Eshop system"},{"name":"suite","value":"Login and Add Products to Cart"},{"name":"testClass","value":"Login to the Eshop system"},{"name":"framework","value":"cucumber4jvm"},{"name":"language","value":"java"},{"name":"gherkin_uri","value":"file:///C:/Users/Computer%20City/Downloads/Eshop_AutomationTask/src/test/resources/Eshop/AddProductsToCart.feature"},{"name":"package","value":"src.test.resources.Eshop.AddProductsToCart_feature.Login and Add Products to Cart"}],"links":[],"name":"Login to the Eshop system","status":"broken","statusDetails":{"known":false,"muted":false,"flaky":false,"message":"element click intercepted: Element is not clickable at point (166, 662)\n  (Session info: chrome=136.0.7103.116)\nBuild info: version: '4.33.0', revision: '2c6aaad03a'\nSystem info: os.name: 'Windows 11', os.arch: 'amd64', os.version: '10.0', java.version: '17.0.12'\nDriver info: org.openqa.selenium.chrome.ChromeDriver\nCommand: [d5ee74433ae4cc345479aa0f063a9468, clickElement {id=f.2B203BAA90A662784864C9A8509D00D1.d.28F5551F0BB311F601DF68E26ABE6F3A.e.61}]\nCapabilities {acceptInsecureCerts: false, browserName: chrome, browserVersion: 136.0.7103.116, chrome: {chromedriverVersion: 136.0.7103.113 (76fa3c17824..., userDataDir: C:\\Users\\COMPUT~1\\AppData\\L...}, fedcm:accounts: true, goog:chromeOptions: {debuggerAddress: localhost:61666}, networkConnectionEnabled: false, pageLoadStrategy: normal, platformName: windows, proxy: Proxy(), se:cdp: ws://localhost:61666/devtoo..., se:cdpVersion: 136.0.7103.116, setWindowRect: true, strictFileInteractability: false, timeouts: {implicit: 0, pageLoad: 300000, script: 30000}, unhandledPromptBehavior: dismiss and notify, webauthn:extension:credBlob: true, webauthn:extension:largeBlob: true, webauthn:extension:minPinLength: true, webauthn:extension:prf: true, webauthn:virtualAuthenticators: true}\nElement: [[ChromeDriver: chrome on windows (d5ee74433ae4cc345479aa0f063a9468)] -> id: onetrust-accept-btn-handler]\nSession ID: d5ee74433ae4cc345479aa0f063a9468","trace":"org.openqa.selenium.ElementClickInterceptedException: element click intercepted: Element is not clickable at point (166, 662)\n  (Session info: chrome=136.0.7103.116)\nBuild info: version: '4.33.0', revision: '2c6aaad03a'\nSystem info: os.name: 'Windows 11', os.arch: 'amd64', os.version: '10.0', java.version: '17.0.12'\nDriver info: org.openqa.selenium.chrome.ChromeDriver\nCommand: [d5ee74433ae4cc345479aa0f063a9468, clickElement {id=f.2B203BAA90A662784864C9A8509D00D1.d.28F5551F0BB311F601DF68E26ABE6F3A.e.61}]\nCapabilities {acceptInsecureCerts: false, browserName: chrome, browserVersion: 136.0.7103.116, chrome: {chromedriverVersion: 136.0.7103.113 (76fa3c17824..., userDataDir: C:\\Users\\COMPUT~1\\AppData\\L...}, fedcm:accounts: true, goog:chromeOptions: {debuggerAddress: localhost:61666}, networkConnectionEnabled: false, pageLoadStrategy: normal, platformName: windows, proxy: Proxy(), se:cdp: ws://localhost:61666/devtoo..., se:cdpVersion: 136.0.7103.116, setWindowRect: true, strictFileInteractability: false, timeouts: {implicit: 0, pageLoad: 300000, script: 30000}, unhandledPromptBehavior: dismiss and notify, webauthn:extension:credBlob: true, webauthn:extension:largeBlob: true, webauthn:extension:minPinLength: true, webauthn:extension:prf: true, webauthn:virtualAuthenticators: true}\nElement: [[ChromeDriver: chrome on windows (d5ee74433ae4cc345479aa0f063a9468)] -> id: onetrust-accept-btn-handler]\nSession ID: d5ee74433ae4cc345479aa0f063a9468\r\n\tat java.base/jdk.internal.reflect.NativeConstructorAccessorImpl.newInstance0(Native Method)\r\n\tat java.base/jdk.internal.reflect.NativeConstructorAccessorImpl.newInstance(NativeConstructorAccessorImpl.java:77)\r\n\tat java.base/jdk.internal.reflect.DelegatingConstructorAccessorImpl.newInstance(DelegatingConstructorAccessorImpl.java:45)\r\n\tat java.base/java.lang.reflect.Constructor.newInstanceWithCaller(Constructor.java:499)\r\n\tat java.base/java.lang.reflect.Constructor.newInstance(Constructor.java:480)\r\n\tat org.openqa.selenium.remote.ErrorCodec.decode(ErrorCodec.java:167)\r\n\tat org.openqa.selenium.remote.codec.w3c.W3CHttpResponseCodec.decode(W3CHttpResponseCodec.java:138)\r\n\tat org.openqa.selenium.remote.codec.w3c.W3CHttpResponseCodec.decode(W3CHttpResponseCodec.java:50)\r\n\tat org.openqa.selenium.remote.HttpCommandExecutor.execute(HttpCommandExecutor.java:215)\r\n\tat org.openqa.selenium.remote.service.DriverCommandExecutor.invokeExecute(DriverCommandExecutor.java:216)\r\n\tat org.openqa.selenium.remote.service.DriverCommandExecutor.execute(DriverCommandExecutor.java:174)\r\n\tat org.openqa.selenium.remote.RemoteWebDriver.execute(RemoteWebDriver.java:544)\r\n\tat org.openqa.selenium.remote.RemoteWebElement.execute(RemoteWebElement.java:223)\r\n\tat org.openqa.selenium.remote.RemoteWebElement.click(RemoteWebElement.java:76)\r\n\tat java.base/java.util.Optional.ifPresent(Optional.java:178)\r\n\tat Eshop.com.pages.Eshop.MainPage_AddProducts.ClickOnUserProfileIcon(MainPage_AddProducts.java:42)\r\n\tat steps.Eshop.Login.userIsOnTheLoginPage(Login.java:17)\r\n\tat ✽.User is on the Login Page(file:///C:/Users/Computer%20City/Downloads/Eshop_AutomationTask/src/test/resources/Eshop/AddProductsToCart.feature:5)\r\n"},"stage":"finished","steps":[{"name":"Given  User is on the Login Page","status":"broken","statusDetails":{"known":false,"muted":false,"flaky":false,"message":"element click intercepted: Element is not clickable at point (166, 662)\n  (Session info: chrome=136.0.7103.116)\nBuild info: version: '4.33.0', revision: '2c6aaad03a'\nSystem info: os.name: 'Windows 11', os.arch: 'amd64', os.version: '10.0', java.version: '17.0.12'\nDriver info: org.openqa.selenium.chrome.ChromeDriver\nCommand: [d5ee74433ae4cc345479aa0f063a9468, clickElement {id=f.2B203BAA90A662784864C9A8509D00D1.d.28F5551F0BB311F601DF68E26ABE6F3A.e.61}]\nCapabilities {acceptInsecureCerts: false, browserName: chrome, browserVersion: 136.0.7103.116, chrome: {chromedriverVersion: 136.0.7103.113 (76fa3c17824..., userDataDir: C:\\Users\\COMPUT~1\\AppData\\L...}, fedcm:accounts: true, goog:chromeOptions: {debuggerAddress: localhost:61666}, networkConnectionEnabled: false, pageLoadStrategy: normal, platformName: windows, proxy: Proxy(), se:cdp: ws://localhost:61666/devtoo..., se:cdpVersion: 136.0.7103.116, setWindowRect: true, strictFileInteractability: false, timeouts: {implicit: 0, pageLoad: 300000, script: 30000}, unhandledPromptBehavior: dismiss and notify, webauthn:extension:credBlob: true, webauthn:extension:largeBlob: true, webauthn:extension:minPinLength: true, webauthn:extension:prf: true, webauthn:virtualAuthenticators: true}\nElement: [[ChromeDriver: chrome on windows (d5ee74433ae4cc345479aa0f063a9468)] -> id: onetrust-accept-btn-handler]\nSession ID: d5ee74433ae4cc345479aa0f063a9468","trace":"org.openqa.selenium.ElementClickInterceptedException: element click intercepted: Element is not clickable at point (166, 662)\n  (Session info: chrome=136.0.7103.116)\nBuild info: version: '4.33.0', revision: '2c6aaad03a'\nSystem info: os.name: 'Windows 11', os.arch: 'amd64', os.version: '10.0', java.version: '17.0.12'\nDriver info: org.openqa.selenium.chrome.ChromeDriver\nCommand: [d5ee74433ae4cc345479aa0f063a9468, clickElement {id=f.2B203BAA90A662784864C9A8509D00D1.d.28F5551F0BB311F601DF68E26ABE6F3A.e.61}]\nCapabilities {acceptInsecureCerts: false, browserName: chrome, browserVersion: 136.0.7103.116, chrome: {chromedriverVersion: 136.0.7103.113 (76fa3c17824..., userDataDir: C:\\Users\\COMPUT~1\\AppData\\L...}, fedcm:accounts: true, goog:chromeOptions: {debuggerAddress: localhost:61666}, networkConnectionEnabled: false, pageLoadStrategy: normal, platformName: windows, proxy: Proxy(), se:cdp: ws://localhost:61666/devtoo..., se:cdpVersion: 136.0.7103.116, setWindowRect: true, strictFileInteractability: false, timeouts: {implicit: 0, pageLoad: 300000, script: 30000}, unhandledPromptBehavior: dismiss and notify, webauthn:extension:credBlob: true, webauthn:extension:largeBlob: true, webauthn:extension:minPinLength: true, webauthn:extension:prf: true, webauthn:virtualAuthenticators: true}\nElement: [[ChromeDriver: chrome on windows (d5ee74433ae4cc345479aa0f063a9468)] -> id: onetrust-accept-btn-handler]\nSession ID: d5ee74433ae4cc345479aa0f063a9468\r\n\tat java.base/jdk.internal.reflect.NativeConstructorAccessorImpl.newInstance0(Native Method)\r\n\tat java.base/jdk.internal.reflect.NativeConstructorAccessorImpl.newInstance(NativeConstructorAccessorImpl.java:77)\r\n\tat java.base/jdk.internal.reflect.DelegatingConstructorAccessorImpl.newInstance(DelegatingConstructorAccessorImpl.java:45)\r\n\tat java.base/java.lang.reflect.Constructor.newInstanceWithCaller(Constructor.java:499)\r\n\tat java.base/java.lang.reflect.Constructor.newInstance(Constructor.java:480)\r\n\tat org.openqa.selenium.remote.ErrorCodec.decode(ErrorCodec.java:167)\r\n\tat org.openqa.selenium.remote.codec.w3c.W3CHttpResponseCodec.decode(W3CHttpResponseCodec.java:138)\r\n\tat org.openqa.selenium.remote.codec.w3c.W3CHttpResponseCodec.decode(W3CHttpResponseCodec.java:50)\r\n\tat org.openqa.selenium.remote.HttpCommandExecutor.execute(HttpCommandExecutor.java:215)\r\n\tat org.openqa.selenium.remote.service.DriverCommandExecutor.invokeExecute(DriverCommandExecutor.java:216)\r\n\tat org.openqa.selenium.remote.service.DriverCommandExecutor.execute(DriverCommandExecutor.java:174)\r\n\tat org.openqa.selenium.remote.RemoteWebDriver.execute(RemoteWebDriver.java:544)\r\n\tat org.openqa.selenium.remote.RemoteWebElement.execute(RemoteWebElement.java:223)\r\n\tat org.openqa.selenium.remote.RemoteWebElement.click(RemoteWebElement.java:76)\r\n\tat java.base/java.util.Optional.ifPresent(Optional.java:178)\r\n\tat Eshop.com.pages.Eshop.MainPage_AddProducts.ClickOnUserProfileIcon(MainPage_AddProducts.java:42)\r\n\tat steps.Eshop.Login.userIsOnTheLoginPage(Login.java:17)\r\n\tat ✽.User is on the Login Page(file:///C:/Users/Computer%20City/Downloads/Eshop_AutomationTask/src/test/resources/Eshop/AddProductsToCart.feature:5)\r\n"},"stage":"finished","steps":[],"attachments":[],"parameters":[],"start":1748897152892,"stop":1748897157577},{"name":"When  User Fill \"01016062970\" And \"Aya@1212\"","status":"skipped","statusDetails":{"known":false,"muted":false,"flaky":false},"stage":"finished","steps":[],"attachments":[],"parameters":[],"start":1748897157579,"stop":1748897157584},{"name":"Then  User logs in successfully","status":"skipped","statusDetails":{"known":false,"muted":false,"flaky":false},"stage":"finished","steps":[],"attachments":[],"parameters":[],"start":1748897157586,"stop":1748897157586}],"attachments":[],"parameters":[{"name":"Email","value":"01016062970"},{"name":"Password","value":"Aya@1212"}],"start":1748897152864,"stop":1748897157610}